  pch.cpp
  cpu.cpp
  DNS.cpp
  main.cpp
C:\Users\austi\Documents\Web-Client\463-sample\main.cpp(222,39): warning C4267: '=': conversion from 'size_t' to 'int', possible loss of data
  Socket.cpp
C:\Users\austi\Documents\Web-Client\463-sample\Socket.cpp(71,5): warning C4267: 'argument': conversion from 'size_t' to 'int', possible loss of data
C:\Users\austi\Documents\Web-Client\463-sample\Socket.cpp(48,18): warning C4101: 'remote': unreferenced local variable
  URL.cpp
  winsock.cpp
  Generating Code...
  Generating code
  0 of 39 functions ( 0.0%) were compiled, the rest were copied from previous compilation.
    0 functions were new in current compilation
    0 functions had inline decision re-evaluated but remain unchanged
  Finished generating code
HTMLParser_release_x64.lib(HTMLParserBase.obj) : warning LNK4099: PDB 'HTMLParser.pdb' was not found with 'HTMLParser_release_x64.lib(HTMLParserBase.obj)' or at 'C:\Users\austi\Documents\Web-Client\x64\Release\HTMLParser.pdb'; linking object as if no debug info
HTMLParser_release_x64.lib(stdafx.obj) : warning LNK4099: PDB 'HTMLParser.pdb' was not found with 'HTMLParser_release_x64.lib(stdafx.obj)' or at 'C:\Users\austi\Documents\Web-Client\x64\Release\HTMLParser.pdb'; linking object as if no debug info
HTMLParser_release_x64.lib(IRLparser.obj) : warning LNK4099: PDB 'HTMLParser.pdb' was not found with 'HTMLParser_release_x64.lib(IRLparser.obj)' or at 'C:\Users\austi\Documents\Web-Client\x64\Release\HTMLParser.pdb'; linking object as if no debug info
HTMLParser_release_x64.lib(IRLBuffer.obj) : warning LNK4099: PDB 'HTMLParser.pdb' was not found with 'HTMLParser_release_x64.lib(IRLBuffer.obj)' or at 'C:\Users\austi\Documents\Web-Client\x64\Release\HTMLParser.pdb'; linking object as if no debug info
HTMLParser_release_x64.lib(URL.obj) : warning LNK4099: PDB 'HTMLParser.pdb' was not found with 'HTMLParser_release_x64.lib(URL.obj)' or at 'C:\Users\austi\Documents\Web-Client\x64\Release\HTMLParser.pdb'; linking object as if no debug info
  463-sample.vcxproj -> C:\Users\austi\Documents\Web-Client\x64\Release\463-sample.exe
