c:\users\austi\google drive\463homework1.2w\x64\release\463-sample.ipdb
c:\users\austi\google drive\463homework1.2w\x64\release\463-sample.iobj
c:\users\austi\google drive\463homework1.2w\463-sample\x64\release\463-sample.pch
c:\users\austi\google drive\463homework1.2w\463-sample\x64\release\vc142.pdb
c:\users\austi\google drive\463homework1.2w\463-sample\x64\release\pch.obj
c:\users\austi\google drive\463homework1.2w\463-sample\x64\release\winsock.obj
c:\users\austi\google drive\463homework1.2w\463-sample\x64\release\url.obj
c:\users\austi\google drive\463homework1.2w\463-sample\x64\release\socket.obj
c:\users\austi\google drive\463homework1.2w\463-sample\x64\release\main.obj
c:\users\austi\google drive\463homework1.2w\463-sample\x64\release\dns.obj
c:\users\austi\google drive\463homework1.2w\463-sample\x64\release\cpu.obj
c:\users\austi\google drive\463homework1.2w\x64\release\463-sample.exe
c:\users\austi\google drive\463homework1.2w\x64\release\463-sample.pdb
c:\users\austi\google drive\463homework1.2w\463-sample\x64\release\463-sample.tlog\463-sample.write.1u.tlog
c:\users\austi\google drive\463homework1.2w\463-sample\x64\release\463-sample.tlog\cl.command.1.tlog
c:\users\austi\google drive\463homework1.2w\463-sample\x64\release\463-sample.tlog\cl.read.1.tlog
c:\users\austi\google drive\463homework1.2w\463-sample\x64\release\463-sample.tlog\cl.write.1.tlog
c:\users\austi\google drive\463homework1.2w\463-sample\x64\release\463-sample.tlog\link.command.1.tlog
c:\users\austi\google drive\463homework1.2w\463-sample\x64\release\463-sample.tlog\link.read.1.tlog
c:\users\austi\google drive\463homework1.2w\463-sample\x64\release\463-sample.tlog\link.write.1.tlog
