c:\users\austi\downloads\463-sample (1)\463homework1.1\463-sample\x64\debug\vc142.pdb
c:\users\austi\downloads\463-sample (1)\463homework1.1\463-sample\x64\debug\vc142.idb
c:\users\austi\downloads\463-sample (1)\463homework1.1\463-sample\x64\debug\main.obj
c:\users\austi\downloads\463-sample (1)\463homework1.1\463-sample\x64\debug\url.obj
c:\users\austi\downloads\463-sample (1)\463homework1.1\463-sample\x64\debug\463-sample.pch
c:\users\austi\downloads\463-sample (1)\463homework1.1\463-sample\x64\debug\pch.obj
c:\users\austi\downloads\463-sample (1)\463homework1.1\463-sample\x64\debug\winsock.obj
c:\users\austi\downloads\463-sample (1)\463homework1.1\463-sample\x64\debug\cpu.obj
c:\users\austi\downloads\463-sample (1)\463homework1.1\463-sample\x64\debug\socket.obj
c:\users\austi\downloads\463-sample (1)\463homework1.1\463-sample\x64\debug\dns.obj
c:\users\austi\downloads\463-sample (1)\463homework1.1\x64\debug\463-sample.exe
c:\users\austi\downloads\463-sample (1)\463homework1.1\x64\debug\463-sample.ilk
c:\users\austi\downloads\463-sample (1)\463homework1.1\x64\debug\463-sample.pdb
c:\users\austi\downloads\463-sample (1)\463homework1.1\463-sample\x64\debug\main.obj.enc
c:\users\austi\downloads\463-sample (1)\463homework1.1\463-sample\x64\debug\socket.obj.enc
c:\users\austi\downloads\463-sample (1)\463homework1.1\463-sample\x64\debug\url.obj.enc
c:\users\austi\downloads\463-sample (1)\463homework1.1\463-sample\x64\debug\463-sample.tlog\cl.command.1.tlog
c:\users\austi\downloads\463-sample (1)\463homework1.1\463-sample\x64\debug\463-sample.tlog\cl.read.1.tlog
c:\users\austi\downloads\463-sample (1)\463homework1.1\463-sample\x64\debug\463-sample.tlog\cl.write.1.tlog
c:\users\austi\downloads\463-sample (1)\463homework1.1\463-sample\x64\debug\463-sample.tlog\link.command.1.tlog
c:\users\austi\downloads\463-sample (1)\463homework1.1\463-sample\x64\debug\463-sample.tlog\link.read.1.tlog
c:\users\austi\downloads\463-sample (1)\463homework1.1\463-sample\x64\debug\463-sample.tlog\link.write.1.tlog
